The system is: Linux - 2.6.32-754.35.1.el6.x86_64 - x86_64
Compiling the C compiler identification source file "CMakeCCompilerId.c" succeeded.
Compiler: /usr/bin/cc 
Build flags: 
Id flags: 

The output was:
0


Compilation of the C compiler identification source "CMakeCCompilerId.c" produced "a.out"

The C compiler identification is GNU, found in "/var/www/sites/rth.dk/htdocs/devresources/risearch/RIsearch/RIsearch2/libdivsufsort-2.0.1/build/CMakeFiles/2.8.12.2/CompilerIdC/a.out"

Determining if the C compiler works passed with the following output:
Change Dir: /var/www/sites/rth.dk/htdocs/devresources/risearch/RIsearch/RIsearch2/libdivsufsort-2.0.1/build/CMakeFiles/CMakeTmp

Run Build Command:/usr/bin/gmake "cmTryCompileExec2607231196/fast"
/usr/bin/gmake -f CMakeFiles/cmTryCompileExec2607231196.dir/build.make CMakeFiles/cmTryCompileExec2607231196.dir/build
gmake[1]: Entering directory `/var/www/sites/rth.dk/htdocs/devresources/risearch/RIsearch/RIsearch2/libdivsufsort-2.0.1/build/CMakeFiles/CMakeTmp'
/usr/bin/cmake -E cmake_progress_report /var/www/sites/rth.dk/htdocs/devresources/risearch/RIsearch/RIsearch2/libdivsufsort-2.0.1/build/CMakeFiles/CMakeTmp/CMakeFiles 1
Building C object CMakeFiles/cmTryCompileExec2607231196.dir/testCCompiler.c.o
/usr/bin/cc    -o CMakeFiles/cmTryCompileExec2607231196.dir/testCCompiler.c.o   -c /var/www/sites/rth.dk/htdocs/devresources/risearch/RIsearch/RIsearch2/libdivsufsort-2.0.1/build/CMakeFiles/CMakeTmp/testCCompiler.c
Linking C executable cmTryCompileExec2607231196
/usr/bin/cmake -E cmake_link_script CMakeFiles/cmTryCompileExec2607231196.dir/link.txt --verbose=1
/usr/bin/cc       CMakeFiles/cmTryCompileExec2607231196.dir/testCCompiler.c.o  -o cmTryCompileExec2607231196 -rdynamic 
gmake[1]: Leaving directory `/var/www/sites/rth.dk/htdocs/devresources/risearch/RIsearch/RIsearch2/libdivsufsort-2.0.1/build/CMakeFiles/CMakeTmp'


Detecting C compiler ABI info compiled with the following output:
Change Dir: /var/www/sites/rth.dk/htdocs/devresources/risearch/RIsearch/RIsearch2/libdivsufsort-2.0.1/build/CMakeFiles/CMakeTmp

Run Build Command:/usr/bin/gmake "cmTryCompileExec3834290263/fast"
/usr/bin/gmake -f CMakeFiles/cmTryCompileExec3834290263.dir/build.make CMakeFiles/cmTryCompileExec3834290263.dir/build
gmake[1]: Entering directory `/var/www/sites/rth.dk/htdocs/devresources/risearch/RIsearch/RIsearch2/libdivsufsort-2.0.1/build/CMakeFiles/CMakeTmp'
/usr/bin/cmake -E cmake_progress_report /var/www/sites/rth.dk/htdocs/devresources/risearch/RIsearch/RIsearch2/libdivsufsort-2.0.1/build/CMakeFiles/CMakeTmp/CMakeFiles 1
Building C object CMakeFiles/cmTryCompileExec3834290263.dir/CMakeCCompilerABI.c.o
/usr/bin/cc    -o CMakeFiles/cmTryCompileExec3834290263.dir/CMakeCCompilerABI.c.o   -c /usr/share/cmake/Modules/CMakeCCompilerABI.c
Linking C executable cmTryCompileExec3834290263
/usr/bin/cmake -E cmake_link_script CMakeFiles/cmTryCompileExec3834290263.dir/link.txt --verbose=1
/usr/bin/cc     -v CMakeFiles/cmTryCompileExec3834290263.dir/CMakeCCompilerABI.c.o  -o cmTryCompileExec3834290263 -rdynamic  
Using built-in specs.
Target: x86_64-redhat-linux
Configured with: ../configure --prefix=/usr --mandir=/usr/share/man --infodir=/usr/share/info --with-bugurl=http://bugzilla.redhat.com/bugzilla --enable-bootstrap --enable-shared --enable-threads=posix --enable-checking=release --with-system-zlib --enable-__cxa_atexit --disable-libunwind-exceptions --enable-gnu-unique-object --enable-languages=c,c++,objc,obj-c++,java,fortran,ada --enable-java-awt=gtk --disable-dssi --with-java-home=/usr/lib/jvm/java-1.5.0-gcj-1.5.0.0/jre --enable-libgcj-multifile --enable-java-maintainer-mode --with-ecj-jar=/usr/share/java/eclipse-ecj.jar --disable-libjava-multilib --with-ppl --with-cloog --with-tune=generic --with-arch_32=i686 --build=x86_64-redhat-linux
Thread model: posix
gcc version 4.4.7 20120313 (Red Hat 4.4.7-23) (GCC) 
COMPILER_PATH=/usr/libexec/gcc/x86_64-redhat-linux/4.4.7/:/usr/libexec/gcc/x86_64-redhat-linux/4.4.7/:/usr/libexec/gcc/x86_64-redhat-linux/:/usr/lib/gcc/x86_64-redhat-linux/4.4.7/:/usr/lib/gcc/x86_64-redhat-linux/:/usr/libexec/gcc/x86_64-redhat-linux/4.4.7/:/usr/libexec/gcc/x86_64-redhat-linux/:/usr/lib/gcc/x86_64-redhat-linux/4.4.7/:/usr/lib/gcc/x86_64-redhat-linux/
LIBRARY_PATH=/usr/lib/gcc/x86_64-redhat-linux/4.4.7/:/usr/lib/gcc/x86_64-redhat-linux/4.4.7/:/usr/lib/gcc/x86_64-redhat-linux/4.4.7/../../../../lib64/:/lib/../lib64/:/usr/lib/../lib64/:/usr/lib/gcc/x86_64-redhat-linux/4.4.7/../../../:/lib/:/usr/lib/
COLLECT_GCC_OPTIONS='-v' '-o' 'cmTryCompileExec3834290263' '-rdynamic' '-mtune=generic'
 /usr/libexec/gcc/x86_64-redhat-linux/4.4.7/collect2 --eh-frame-hdr --build-id -m elf_x86_64 --hash-style=gnu -export-dynamic -dynamic-linker /lib64/ld-linux-x86-64.so.2 -o cmTryCompileExec3834290263 /usr/lib/gcc/x86_64-redhat-linux/4.4.7/../../../../lib64/crt1.o /usr/lib/gcc/x86_64-redhat-linux/4.4.7/../../../../lib64/crti.o /usr/lib/gcc/x86_64-redhat-linux/4.4.7/crtbegin.o -L/usr/lib/gcc/x86_64-redhat-linux/4.4.7 -L/usr/lib/gcc/x86_64-redhat-linux/4.4.7 -L/usr/lib/gcc/x86_64-redhat-linux/4.4.7/../../../../lib64 -L/lib/../lib64 -L/usr/lib/../lib64 -L/usr/lib/gcc/x86_64-redhat-linux/4.4.7/../../.. CMakeFiles/cmTryCompileExec3834290263.dir/CMakeCCompilerABI.c.o -lgcc --as-needed -lgcc_s --no-as-needed -lc -lgcc --as-needed -lgcc_s --no-as-needed /usr/lib/gcc/x86_64-redhat-linux/4.4.7/crtend.o /usr/lib/gcc/x86_64-redhat-linux/4.4.7/../../../../lib64/crtn.o
gmake[1]: Leaving directory `/var/www/sites/rth.dk/htdocs/devresources/risearch/RIsearch/RIsearch2/libdivsufsort-2.0.1/build/CMakeFiles/CMakeTmp'


Parsed C implicit link information from above output:
  link line regex: [^( *|.*[/\])(ld|([^/\]+-)?ld|collect2)[^/\]*( |$)]
  ignore line: [Change Dir: /var/www/sites/rth.dk/htdocs/devresources/risearch/RIsearch/RIsearch2/libdivsufsort-2.0.1/build/CMakeFiles/CMakeTmp]
  ignore line: []
  ignore line: [Run Build Command:/usr/bin/gmake "cmTryCompileExec3834290263/fast"]
  ignore line: [/usr/bin/gmake -f CMakeFiles/cmTryCompileExec3834290263.dir/build.make CMakeFiles/cmTryCompileExec3834290263.dir/build]
  ignore line: [gmake[1]: Entering directory `/var/www/sites/rth.dk/htdocs/devresources/risearch/RIsearch/RIsearch2/libdivsufsort-2.0.1/build/CMakeFiles/CMakeTmp']
  ignore line: [/usr/bin/cmake -E cmake_progress_report /var/www/sites/rth.dk/htdocs/devresources/risearch/RIsearch/RIsearch2/libdivsufsort-2.0.1/build/CMakeFiles/CMakeTmp/CMakeFiles 1]
  ignore line: [Building C object CMakeFiles/cmTryCompileExec3834290263.dir/CMakeCCompilerABI.c.o]
  ignore line: [/usr/bin/cc    -o CMakeFiles/cmTryCompileExec3834290263.dir/CMakeCCompilerABI.c.o   -c /usr/share/cmake/Modules/CMakeCCompilerABI.c]
  ignore line: [Linking C executable cmTryCompileExec3834290263]
  ignore line: [/usr/bin/cmake -E cmake_link_script CMakeFiles/cmTryCompileExec3834290263.dir/link.txt --verbose=1]
  ignore line: [/usr/bin/cc     -v CMakeFiles/cmTryCompileExec3834290263.dir/CMakeCCompilerABI.c.o  -o cmTryCompileExec3834290263 -rdynamic  ]
  ignore line: [Using built-in specs.]
  ignore line: [Target: x86_64-redhat-linux]
  ignore line: [Configured with: ../configure --prefix=/usr --mandir=/usr/share/man --infodir=/usr/share/info --with-bugurl=http://bugzilla.redhat.com/bugzilla --enable-bootstrap --enable-shared --enable-threads=posix --enable-checking=release --with-system-zlib --enable-__cxa_atexit --disable-libunwind-exceptions --enable-gnu-unique-object --enable-languages=c,c++,objc,obj-c++,java,fortran,ada --enable-java-awt=gtk --disable-dssi --with-java-home=/usr/lib/jvm/java-1.5.0-gcj-1.5.0.0/jre --enable-libgcj-multifile --enable-java-maintainer-mode --with-ecj-jar=/usr/share/java/eclipse-ecj.jar --disable-libjava-multilib --with-ppl --with-cloog --with-tune=generic --with-arch_32=i686 --build=x86_64-redhat-linux]
  ignore line: [Thread model: posix]
  ignore line: [gcc version 4.4.7 20120313 (Red Hat 4.4.7-23) (GCC) ]
  ignore line: [COMPILER_PATH=/usr/libexec/gcc/x86_64-redhat-linux/4.4.7/:/usr/libexec/gcc/x86_64-redhat-linux/4.4.7/:/usr/libexec/gcc/x86_64-redhat-linux/:/usr/lib/gcc/x86_64-redhat-linux/4.4.7/:/usr/lib/gcc/x86_64-redhat-linux/:/usr/libexec/gcc/x86_64-redhat-linux/4.4.7/:/usr/libexec/gcc/x86_64-redhat-linux/:/usr/lib/gcc/x86_64-redhat-linux/4.4.7/:/usr/lib/gcc/x86_64-redhat-linux/]
  ignore line: [LIBRARY_PATH=/usr/lib/gcc/x86_64-redhat-linux/4.4.7/:/usr/lib/gcc/x86_64-redhat-linux/4.4.7/:/usr/lib/gcc/x86_64-redhat-linux/4.4.7/../../../../lib64/:/lib/../lib64/:/usr/lib/../lib64/:/usr/lib/gcc/x86_64-redhat-linux/4.4.7/../../../:/lib/:/usr/lib/]
  ignore line: [COLLECT_GCC_OPTIONS='-v' '-o' 'cmTryCompileExec3834290263' '-rdynamic' '-mtune=generic']
  link line: [ /usr/libexec/gcc/x86_64-redhat-linux/4.4.7/collect2 --eh-frame-hdr --build-id -m elf_x86_64 --hash-style=gnu -export-dynamic -dynamic-linker /lib64/ld-linux-x86-64.so.2 -o cmTryCompileExec3834290263 /usr/lib/gcc/x86_64-redhat-linux/4.4.7/../../../../lib64/crt1.o /usr/lib/gcc/x86_64-redhat-linux/4.4.7/../../../../lib64/crti.o /usr/lib/gcc/x86_64-redhat-linux/4.4.7/crtbegin.o -L/usr/lib/gcc/x86_64-redhat-linux/4.4.7 -L/usr/lib/gcc/x86_64-redhat-linux/4.4.7 -L/usr/lib/gcc/x86_64-redhat-linux/4.4.7/../../../../lib64 -L/lib/../lib64 -L/usr/lib/../lib64 -L/usr/lib/gcc/x86_64-redhat-linux/4.4.7/../../.. CMakeFiles/cmTryCompileExec3834290263.dir/CMakeCCompilerABI.c.o -lgcc --as-needed -lgcc_s --no-as-needed -lc -lgcc --as-needed -lgcc_s --no-as-needed /usr/lib/gcc/x86_64-redhat-linux/4.4.7/crtend.o /usr/lib/gcc/x86_64-redhat-linux/4.4.7/../../../../lib64/crtn.o]
    arg [/usr/libexec/gcc/x86_64-redhat-linux/4.4.7/collect2] ==> ignore
    arg [--eh-frame-hdr] ==> ignore
    arg [--build-id] ==> ignore
    arg [-m] ==> ignore
    arg [elf_x86_64] ==> ignore
    arg [--hash-style=gnu] ==> ignore
    arg [-export-dynamic] ==> ignore
    arg [-dynamic-linker] ==> ignore
    arg [/lib64/ld-linux-x86-64.so.2] ==> ignore
    arg [-o] ==> ignore
    arg [cmTryCompileExec3834290263] ==> ignore
    arg [/usr/lib/gcc/x86_64-redhat-linux/4.4.7/../../../../lib64/crt1.o] ==> ignore
    arg [/usr/lib/gcc/x86_64-redhat-linux/4.4.7/../../../../lib64/crti.o] ==> ignore
    arg [/usr/lib/gcc/x86_64-redhat-linux/4.4.7/crtbegin.o] ==> ignore
    arg [-L/usr/lib/gcc/x86_64-redhat-linux/4.4.7] ==> dir [/usr/lib/gcc/x86_64-redhat-linux/4.4.7]
    arg [-L/usr/lib/gcc/x86_64-redhat-linux/4.4.7] ==> dir [/usr/lib/gcc/x86_64-redhat-linux/4.4.7]
    arg [-L/usr/lib/gcc/x86_64-redhat-linux/4.4.7/../../../../lib64] ==> dir [/usr/lib/gcc/x86_64-redhat-linux/4.4.7/../../../../lib64]
    arg [-L/lib/../lib64] ==> dir [/lib/../lib64]
    arg [-L/usr/lib/../lib64] ==> dir [/usr/lib/../lib64]
    arg [-L/usr/lib/gcc/x86_64-redhat-linux/4.4.7/../../..] ==> dir [/usr/lib/gcc/x86_64-redhat-linux/4.4.7/../../..]
    arg [CMakeFiles/cmTryCompileExec3834290263.dir/CMakeCCompilerABI.c.o] ==> ignore
    arg [-lgcc] ==> lib [gcc]
    arg [--as-needed] ==> ignore
    arg [-lgcc_s] ==> lib [gcc_s]
    arg [--no-as-needed] ==> ignore
    arg [-lc] ==> lib [c]
    arg [-lgcc] ==> lib [gcc]
    arg [--as-needed] ==> ignore
    arg [-lgcc_s] ==> lib [gcc_s]
    arg [--no-as-needed] ==> ignore
    arg [/usr/lib/gcc/x86_64-redhat-linux/4.4.7/crtend.o] ==> ignore
    arg [/usr/lib/gcc/x86_64-redhat-linux/4.4.7/../../../../lib64/crtn.o] ==> ignore
  remove lib [gcc]
  remove lib [gcc_s]
  remove lib [gcc]
  remove lib [gcc_s]
  collapse library dir [/usr/lib/gcc/x86_64-redhat-linux/4.4.7] ==> [/usr/lib/gcc/x86_64-redhat-linux/4.4.7]
  collapse library dir [/usr/lib/gcc/x86_64-redhat-linux/4.4.7] ==> [/usr/lib/gcc/x86_64-redhat-linux/4.4.7]
  collapse library dir [/usr/lib/gcc/x86_64-redhat-linux/4.4.7/../../../../lib64] ==> [/usr/lib64]
  collapse library dir [/lib/../lib64] ==> [/lib64]
  collapse library dir [/usr/lib/../lib64] ==> [/usr/lib64]
  collapse library dir [/usr/lib/gcc/x86_64-redhat-linux/4.4.7/../../..] ==> [/usr/lib]
  implicit libs: [c]
  implicit dirs: [/usr/lib/gcc/x86_64-redhat-linux/4.4.7;/usr/lib64;/lib64;/usr/lib]
  implicit fwks: []


Performing C SOURCE FILE Test HAVE_GCC_WALL succeded with the following output:
Change Dir: /var/www/sites/rth.dk/htdocs/devresources/risearch/RIsearch/RIsearch2/libdivsufsort-2.0.1/build/CMakeFiles/CMakeTmp

Run Build Command:/usr/bin/gmake "cmTryCompileExec2056736031/fast"
/usr/bin/gmake -f CMakeFiles/cmTryCompileExec2056736031.dir/build.make CMakeFiles/cmTryCompileExec2056736031.dir/build
gmake[1]: Entering directory `/var/www/sites/rth.dk/htdocs/devresources/risearch/RIsearch/RIsearch2/libdivsufsort-2.0.1/build/CMakeFiles/CMakeTmp'
/usr/bin/cmake -E cmake_progress_report /var/www/sites/rth.dk/htdocs/devresources/risearch/RIsearch/RIsearch2/libdivsufsort-2.0.1/build/CMakeFiles/CMakeTmp/CMakeFiles 1
Building C object CMakeFiles/cmTryCompileExec2056736031.dir/src.c.o
/usr/bin/cc   -DHAVE_GCC_WALL -Wall   -o CMakeFiles/cmTryCompileExec2056736031.dir/src.c.o   -c /var/www/sites/rth.dk/htdocs/devresources/risearch/RIsearch/RIsearch2/libdivsufsort-2.0.1/build/CMakeFiles/CMakeTmp/src.c
Linking C executable cmTryCompileExec2056736031
/usr/bin/cmake -E cmake_link_script CMakeFiles/cmTryCompileExec2056736031.dir/link.txt --verbose=1
/usr/bin/cc   -DHAVE_GCC_WALL -Wall    CMakeFiles/cmTryCompileExec2056736031.dir/src.c.o  -o cmTryCompileExec2056736031 -rdynamic 
gmake[1]: Leaving directory `/var/www/sites/rth.dk/htdocs/devresources/risearch/RIsearch/RIsearch2/libdivsufsort-2.0.1/build/CMakeFiles/CMakeTmp'

Source file was:
int main() { return 0; }
Performing C SOURCE FILE Test HAVE_GCC_FOMIT_FRAME_POINTER succeded with the following output:
Change Dir: /var/www/sites/rth.dk/htdocs/devresources/risearch/RIsearch/RIsearch2/libdivsufsort-2.0.1/build/CMakeFiles/CMakeTmp

Run Build Command:/usr/bin/gmake "cmTryCompileExec2259242641/fast"
/usr/bin/gmake -f CMakeFiles/cmTryCompileExec2259242641.dir/build.make CMakeFiles/cmTryCompileExec2259242641.dir/build
gmake[1]: Entering directory `/var/www/sites/rth.dk/htdocs/devresources/risearch/RIsearch/RIsearch2/libdivsufsort-2.0.1/build/CMakeFiles/CMakeTmp'
/usr/bin/cmake -E cmake_progress_report /var/www/sites/rth.dk/htdocs/devresources/risearch/RIsearch/RIsearch2/libdivsufsort-2.0.1/build/CMakeFiles/CMakeTmp/CMakeFiles 1
Building C object CMakeFiles/cmTryCompileExec2259242641.dir/src.c.o
/usr/bin/cc   -Wall -DHAVE_GCC_FOMIT_FRAME_POINTER -fomit-frame-pointer   -o CMakeFiles/cmTryCompileExec2259242641.dir/src.c.o   -c /var/www/sites/rth.dk/htdocs/devresources/risearch/RIsearch/RIsearch2/libdivsufsort-2.0.1/build/CMakeFiles/CMakeTmp/src.c
Linking C executable cmTryCompileExec2259242641
/usr/bin/cmake -E cmake_link_script CMakeFiles/cmTryCompileExec2259242641.dir/link.txt --verbose=1
/usr/bin/cc   -Wall -DHAVE_GCC_FOMIT_FRAME_POINTER -fomit-frame-pointer    CMakeFiles/cmTryCompileExec2259242641.dir/src.c.o  -o cmTryCompileExec2259242641 -rdynamic 
gmake[1]: Leaving directory `/var/www/sites/rth.dk/htdocs/devresources/risearch/RIsearch/RIsearch2/libdivsufsort-2.0.1/build/CMakeFiles/CMakeTmp'

Source file was:
int main() { return 0; }
Performing C SOURCE FILE Test HAVE_GCC_FOPENMP succeded with the following output:
Change Dir: /var/www/sites/rth.dk/htdocs/devresources/risearch/RIsearch/RIsearch2/libdivsufsort-2.0.1/build/CMakeFiles/CMakeTmp

Run Build Command:/usr/bin/gmake "cmTryCompileExec3709457448/fast"
/usr/bin/gmake -f CMakeFiles/cmTryCompileExec3709457448.dir/build.make CMakeFiles/cmTryCompileExec3709457448.dir/build
gmake[1]: Entering directory `/var/www/sites/rth.dk/htdocs/devresources/risearch/RIsearch/RIsearch2/libdivsufsort-2.0.1/build/CMakeFiles/CMakeTmp'
/usr/bin/cmake -E cmake_progress_report /var/www/sites/rth.dk/htdocs/devresources/risearch/RIsearch/RIsearch2/libdivsufsort-2.0.1/build/CMakeFiles/CMakeTmp/CMakeFiles 1
Building C object CMakeFiles/cmTryCompileExec3709457448.dir/src.c.o
/usr/bin/cc   -Wall -DHAVE_GCC_FOPENMP -fopenmp   -o CMakeFiles/cmTryCompileExec3709457448.dir/src.c.o   -c /var/www/sites/rth.dk/htdocs/devresources/risearch/RIsearch/RIsearch2/libdivsufsort-2.0.1/build/CMakeFiles/CMakeTmp/src.c
Linking C executable cmTryCompileExec3709457448
/usr/bin/cmake -E cmake_link_script CMakeFiles/cmTryCompileExec3709457448.dir/link.txt --verbose=1
/usr/bin/cc   -Wall -DHAVE_GCC_FOPENMP -fopenmp    CMakeFiles/cmTryCompileExec3709457448.dir/src.c.o  -o cmTryCompileExec3709457448 -rdynamic 
gmake[1]: Leaving directory `/var/www/sites/rth.dk/htdocs/devresources/risearch/RIsearch/RIsearch2/libdivsufsort-2.0.1/build/CMakeFiles/CMakeTmp'

Source file was:
int main() { return 0; }
Determining if the include file inttypes.h exists passed with the following output:
Change Dir: /var/www/sites/rth.dk/htdocs/devresources/risearch/RIsearch/RIsearch2/libdivsufsort-2.0.1/build/CMakeFiles/CMakeTmp

Run Build Command:/usr/bin/gmake "cmTryCompileExec4209946314/fast"
/usr/bin/gmake -f CMakeFiles/cmTryCompileExec4209946314.dir/build.make CMakeFiles/cmTryCompileExec4209946314.dir/build
gmake[1]: Entering directory `/var/www/sites/rth.dk/htdocs/devresources/risearch/RIsearch/RIsearch2/libdivsufsort-2.0.1/build/CMakeFiles/CMakeTmp'
/usr/bin/cmake -E cmake_progress_report /var/www/sites/rth.dk/htdocs/devresources/risearch/RIsearch/RIsearch2/libdivsufsort-2.0.1/build/CMakeFiles/CMakeTmp/CMakeFiles 1
Building C object CMakeFiles/cmTryCompileExec4209946314.dir/CheckIncludeFile.c.o
/usr/bin/cc   -Wall -fopenmp    -o CMakeFiles/cmTryCompileExec4209946314.dir/CheckIncludeFile.c.o   -c /var/www/sites/rth.dk/htdocs/devresources/risearch/RIsearch/RIsearch2/libdivsufsort-2.0.1/build/CMakeFiles/CMakeTmp/CheckIncludeFile.c
Linking C executable cmTryCompileExec4209946314
/usr/bin/cmake -E cmake_link_script CMakeFiles/cmTryCompileExec4209946314.dir/link.txt --verbose=1
/usr/bin/cc   -Wall -fopenmp     CMakeFiles/cmTryCompileExec4209946314.dir/CheckIncludeFile.c.o  -o cmTryCompileExec4209946314 -rdynamic 
gmake[1]: Leaving directory `/var/www/sites/rth.dk/htdocs/devresources/risearch/RIsearch/RIsearch2/libdivsufsort-2.0.1/build/CMakeFiles/CMakeTmp'


Determining if the include file memory.h exists passed with the following output:
Change Dir: /var/www/sites/rth.dk/htdocs/devresources/risearch/RIsearch/RIsearch2/libdivsufsort-2.0.1/build/CMakeFiles/CMakeTmp

Run Build Command:/usr/bin/gmake "cmTryCompileExec2098756218/fast"
/usr/bin/gmake -f CMakeFiles/cmTryCompileExec2098756218.dir/build.make CMakeFiles/cmTryCompileExec2098756218.dir/build
gmake[1]: Entering directory `/var/www/sites/rth.dk/htdocs/devresources/risearch/RIsearch/RIsearch2/libdivsufsort-2.0.1/build/CMakeFiles/CMakeTmp'
/usr/bin/cmake -E cmake_progress_report /var/www/sites/rth.dk/htdocs/devresources/risearch/RIsearch/RIsearch2/libdivsufsort-2.0.1/build/CMakeFiles/CMakeTmp/CMakeFiles 1
Building C object CMakeFiles/cmTryCompileExec2098756218.dir/CheckIncludeFile.c.o
/usr/bin/cc   -Wall -fopenmp    -o CMakeFiles/cmTryCompileExec2098756218.dir/CheckIncludeFile.c.o   -c /var/www/sites/rth.dk/htdocs/devresources/risearch/RIsearch/RIsearch2/libdivsufsort-2.0.1/build/CMakeFiles/CMakeTmp/CheckIncludeFile.c
Linking C executable cmTryCompileExec2098756218
/usr/bin/cmake -E cmake_link_script CMakeFiles/cmTryCompileExec2098756218.dir/link.txt --verbose=1
/usr/bin/cc   -Wall -fopenmp     CMakeFiles/cmTryCompileExec2098756218.dir/CheckIncludeFile.c.o  -o cmTryCompileExec2098756218 -rdynamic 
gmake[1]: Leaving directory `/var/www/sites/rth.dk/htdocs/devresources/risearch/RIsearch/RIsearch2/libdivsufsort-2.0.1/build/CMakeFiles/CMakeTmp'


Determining if the include file stddef.h exists passed with the following output:
Change Dir: /var/www/sites/rth.dk/htdocs/devresources/risearch/RIsearch/RIsearch2/libdivsufsort-2.0.1/build/CMakeFiles/CMakeTmp

Run Build Command:/usr/bin/gmake "cmTryCompileExec775987453/fast"
/usr/bin/gmake -f CMakeFiles/cmTryCompileExec775987453.dir/build.make CMakeFiles/cmTryCompileExec775987453.dir/build
gmake[1]: Entering directory `/var/www/sites/rth.dk/htdocs/devresources/risearch/RIsearch/RIsearch2/libdivsufsort-2.0.1/build/CMakeFiles/CMakeTmp'
/usr/bin/cmake -E cmake_progress_report /var/www/sites/rth.dk/htdocs/devresources/risearch/RIsearch/RIsearch2/libdivsufsort-2.0.1/build/CMakeFiles/CMakeTmp/CMakeFiles 1
Building C object CMakeFiles/cmTryCompileExec775987453.dir/CheckIncludeFile.c.o
/usr/bin/cc   -Wall -fopenmp    -o CMakeFiles/cmTryCompileExec775987453.dir/CheckIncludeFile.c.o   -c /var/www/sites/rth.dk/htdocs/devresources/risearch/RIsearch/RIsearch2/libdivsufsort-2.0.1/build/CMakeFiles/CMakeTmp/CheckIncludeFile.c
Linking C executable cmTryCompileExec775987453
/usr/bin/cmake -E cmake_link_script CMakeFiles/cmTryCompileExec775987453.dir/link.txt --verbose=1
/usr/bin/cc   -Wall -fopenmp     CMakeFiles/cmTryCompileExec775987453.dir/CheckIncludeFile.c.o  -o cmTryCompileExec775987453 -rdynamic 
gmake[1]: Leaving directory `/var/www/sites/rth.dk/htdocs/devresources/risearch/RIsearch/RIsearch2/libdivsufsort-2.0.1/build/CMakeFiles/CMakeTmp'


Determining if the include file stdint.h exists passed with the following output:
Change Dir: /var/www/sites/rth.dk/htdocs/devresources/risearch/RIsearch/RIsearch2/libdivsufsort-2.0.1/build/CMakeFiles/CMakeTmp

Run Build Command:/usr/bin/gmake "cmTryCompileExec3474039374/fast"
/usr/bin/gmake -f CMakeFiles/cmTryCompileExec3474039374.dir/build.make CMakeFiles/cmTryCompileExec3474039374.dir/build
gmake[1]: Entering directory `/var/www/sites/rth.dk/htdocs/devresources/risearch/RIsearch/RIsearch2/libdivsufsort-2.0.1/build/CMakeFiles/CMakeTmp'
/usr/bin/cmake -E cmake_progress_report /var/www/sites/rth.dk/htdocs/devresources/risearch/RIsearch/RIsearch2/libdivsufsort-2.0.1/build/CMakeFiles/CMakeTmp/CMakeFiles 1
Building C object CMakeFiles/cmTryCompileExec3474039374.dir/CheckIncludeFile.c.o
/usr/bin/cc   -Wall -fopenmp    -o CMakeFiles/cmTryCompileExec3474039374.dir/CheckIncludeFile.c.o   -c /var/www/sites/rth.dk/htdocs/devresources/risearch/RIsearch/RIsearch2/libdivsufsort-2.0.1/build/CMakeFiles/CMakeTmp/CheckIncludeFile.c
Linking C executable cmTryCompileExec3474039374
/usr/bin/cmake -E cmake_link_script CMakeFiles/cmTryCompileExec3474039374.dir/link.txt --verbose=1
/usr/bin/cc   -Wall -fopenmp     CMakeFiles/cmTryCompileExec3474039374.dir/CheckIncludeFile.c.o  -o cmTryCompileExec3474039374 -rdynamic 
gmake[1]: Leaving directory `/var/www/sites/rth.dk/htdocs/devresources/risearch/RIsearch/RIsearch2/libdivsufsort-2.0.1/build/CMakeFiles/CMakeTmp'


Determining if the include file stdlib.h exists passed with the following output:
Change Dir: /var/www/sites/rth.dk/htdocs/devresources/risearch/RIsearch/RIsearch2/libdivsufsort-2.0.1/build/CMakeFiles/CMakeTmp

Run Build Command:/usr/bin/gmake "cmTryCompileExec1451155953/fast"
/usr/bin/gmake -f CMakeFiles/cmTryCompileExec1451155953.dir/build.make CMakeFiles/cmTryCompileExec1451155953.dir/build
gmake[1]: Entering directory `/var/www/sites/rth.dk/htdocs/devresources/risearch/RIsearch/RIsearch2/libdivsufsort-2.0.1/build/CMakeFiles/CMakeTmp'
/usr/bin/cmake -E cmake_progress_report /var/www/sites/rth.dk/htdocs/devresources/risearch/RIsearch/RIsearch2/libdivsufsort-2.0.1/build/CMakeFiles/CMakeTmp/CMakeFiles 1
Building C object CMakeFiles/cmTryCompileExec1451155953.dir/CheckIncludeFile.c.o
/usr/bin/cc   -Wall -fopenmp    -o CMakeFiles/cmTryCompileExec1451155953.dir/CheckIncludeFile.c.o   -c /var/www/sites/rth.dk/htdocs/devresources/risearch/RIsearch/RIsearch2/libdivsufsort-2.0.1/build/CMakeFiles/CMakeTmp/CheckIncludeFile.c
Linking C executable cmTryCompileExec1451155953
/usr/bin/cmake -E cmake_link_script CMakeFiles/cmTryCompileExec1451155953.dir/link.txt --verbose=1
/usr/bin/cc   -Wall -fopenmp     CMakeFiles/cmTryCompileExec1451155953.dir/CheckIncludeFile.c.o  -o cmTryCompileExec1451155953 -rdynamic 
gmake[1]: Leaving directory `/var/www/sites/rth.dk/htdocs/devresources/risearch/RIsearch/RIsearch2/libdivsufsort-2.0.1/build/CMakeFiles/CMakeTmp'


Determining if the include file string.h exists passed with the following output:
Change Dir: /var/www/sites/rth.dk/htdocs/devresources/risearch/RIsearch/RIsearch2/libdivsufsort-2.0.1/build/CMakeFiles/CMakeTmp

Run Build Command:/usr/bin/gmake "cmTryCompileExec2341856267/fast"
/usr/bin/gmake -f CMakeFiles/cmTryCompileExec2341856267.dir/build.make CMakeFiles/cmTryCompileExec2341856267.dir/build
gmake[1]: Entering directory `/var/www/sites/rth.dk/htdocs/devresources/risearch/RIsearch/RIsearch2/libdivsufsort-2.0.1/build/CMakeFiles/CMakeTmp'
/usr/bin/cmake -E cmake_progress_report /var/www/sites/rth.dk/htdocs/devresources/risearch/RIsearch/RIsearch2/libdivsufsort-2.0.1/build/CMakeFiles/CMakeTmp/CMakeFiles 1
Building C object CMakeFiles/cmTryCompileExec2341856267.dir/CheckIncludeFile.c.o
/usr/bin/cc   -Wall -fopenmp    -o CMakeFiles/cmTryCompileExec2341856267.dir/CheckIncludeFile.c.o   -c /var/www/sites/rth.dk/htdocs/devresources/risearch/RIsearch/RIsearch2/libdivsufsort-2.0.1/build/CMakeFiles/CMakeTmp/CheckIncludeFile.c
Linking C executable cmTryCompileExec2341856267
/usr/bin/cmake -E cmake_link_script CMakeFiles/cmTryCompileExec2341856267.dir/link.txt --verbose=1
/usr/bin/cc   -Wall -fopenmp     CMakeFiles/cmTryCompileExec2341856267.dir/CheckIncludeFile.c.o  -o cmTryCompileExec2341856267 -rdynamic 
gmake[1]: Leaving directory `/var/www/sites/rth.dk/htdocs/devresources/risearch/RIsearch/RIsearch2/libdivsufsort-2.0.1/build/CMakeFiles/CMakeTmp'


Determining if the include file strings.h exists passed with the following output:
Change Dir: /var/www/sites/rth.dk/htdocs/devresources/risearch/RIsearch/RIsearch2/libdivsufsort-2.0.1/build/CMakeFiles/CMakeTmp

Run Build Command:/usr/bin/gmake "cmTryCompileExec3299886116/fast"
/usr/bin/gmake -f CMakeFiles/cmTryCompileExec3299886116.dir/build.make CMakeFiles/cmTryCompileExec3299886116.dir/build
gmake[1]: Entering directory `/var/www/sites/rth.dk/htdocs/devresources/risearch/RIsearch/RIsearch2/libdivsufsort-2.0.1/build/CMakeFiles/CMakeTmp'
/usr/bin/cmake -E cmake_progress_report /var/www/sites/rth.dk/htdocs/devresources/risearch/RIsearch/RIsearch2/libdivsufsort-2.0.1/build/CMakeFiles/CMakeTmp/CMakeFiles 1
Building C object CMakeFiles/cmTryCompileExec3299886116.dir/CheckIncludeFile.c.o
/usr/bin/cc   -Wall -fopenmp    -o CMakeFiles/cmTryCompileExec3299886116.dir/CheckIncludeFile.c.o   -c /var/www/sites/rth.dk/htdocs/devresources/risearch/RIsearch/RIsearch2/libdivsufsort-2.0.1/build/CMakeFiles/CMakeTmp/CheckIncludeFile.c
Linking C executable cmTryCompileExec3299886116
/usr/bin/cmake -E cmake_link_script CMakeFiles/cmTryCompileExec3299886116.dir/link.txt --verbose=1
/usr/bin/cc   -Wall -fopenmp     CMakeFiles/cmTryCompileExec3299886116.dir/CheckIncludeFile.c.o  -o cmTryCompileExec3299886116 -rdynamic 
gmake[1]: Leaving directory `/var/www/sites/rth.dk/htdocs/devresources/risearch/RIsearch/RIsearch2/libdivsufsort-2.0.1/build/CMakeFiles/CMakeTmp'


Determining if the include file sys/types.h exists passed with the following output:
Change Dir: /var/www/sites/rth.dk/htdocs/devresources/risearch/RIsearch/RIsearch2/libdivsufsort-2.0.1/build/CMakeFiles/CMakeTmp

Run Build Command:/usr/bin/gmake "cmTryCompileExec2681854479/fast"
/usr/bin/gmake -f CMakeFiles/cmTryCompileExec2681854479.dir/build.make CMakeFiles/cmTryCompileExec2681854479.dir/build
gmake[1]: Entering directory `/var/www/sites/rth.dk/htdocs/devresources/risearch/RIsearch/RIsearch2/libdivsufsort-2.0.1/build/CMakeFiles/CMakeTmp'
/usr/bin/cmake -E cmake_progress_report /var/www/sites/rth.dk/htdocs/devresources/risearch/RIsearch/RIsearch2/libdivsufsort-2.0.1/build/CMakeFiles/CMakeTmp/CMakeFiles 1
Building C object CMakeFiles/cmTryCompileExec2681854479.dir/CheckIncludeFile.c.o
/usr/bin/cc   -Wall -fopenmp    -o CMakeFiles/cmTryCompileExec2681854479.dir/CheckIncludeFile.c.o   -c /var/www/sites/rth.dk/htdocs/devresources/risearch/RIsearch/RIsearch2/libdivsufsort-2.0.1/build/CMakeFiles/CMakeTmp/CheckIncludeFile.c
Linking C executable cmTryCompileExec2681854479
/usr/bin/cmake -E cmake_link_script CMakeFiles/cmTryCompileExec2681854479.dir/link.txt --verbose=1
/usr/bin/cc   -Wall -fopenmp     CMakeFiles/cmTryCompileExec2681854479.dir/CheckIncludeFile.c.o  -o cmTryCompileExec2681854479 -rdynamic 
gmake[1]: Leaving directory `/var/www/sites/rth.dk/htdocs/devresources/risearch/RIsearch/RIsearch2/libdivsufsort-2.0.1/build/CMakeFiles/CMakeTmp'


Determining size of off_t passed with the following output:
Change Dir: /var/www/sites/rth.dk/htdocs/devresources/risearch/RIsearch/RIsearch2/libdivsufsort-2.0.1/build/CMakeFiles/CMakeTmp

Run Build Command:/usr/bin/gmake "cmTryCompileExec3164031754/fast"
/usr/bin/gmake -f CMakeFiles/cmTryCompileExec3164031754.dir/build.make CMakeFiles/cmTryCompileExec3164031754.dir/build
gmake[1]: Entering directory `/var/www/sites/rth.dk/htdocs/devresources/risearch/RIsearch/RIsearch2/libdivsufsort-2.0.1/build/CMakeFiles/CMakeTmp'
/usr/bin/cmake -E cmake_progress_report /var/www/sites/rth.dk/htdocs/devresources/risearch/RIsearch/RIsearch2/libdivsufsort-2.0.1/build/CMakeFiles/CMakeTmp/CMakeFiles 1
Building C object CMakeFiles/cmTryCompileExec3164031754.dir/SIZEOF_OFF_T.c.o
/usr/bin/cc  -D_FILE_OFFSET_BITS=64 -D_LARGEFILE_SOURCE -D_LARGE_FILES -D__STDC_CONSTANT_MACROS -D__STDC_FORMAT_MACROS -D__STDC_LIMIT_MACROS -Wall -fopenmp    -o CMakeFiles/cmTryCompileExec3164031754.dir/SIZEOF_OFF_T.c.o   -c /var/www/sites/rth.dk/htdocs/devresources/risearch/RIsearch/RIsearch2/libdivsufsort-2.0.1/build/CMakeFiles/CheckTypeSize/SIZEOF_OFF_T.c
Linking C executable cmTryCompileExec3164031754
/usr/bin/cmake -E cmake_link_script CMakeFiles/cmTryCompileExec3164031754.dir/link.txt --verbose=1
/usr/bin/cc   -Wall -fopenmp     CMakeFiles/cmTryCompileExec3164031754.dir/SIZEOF_OFF_T.c.o  -o cmTryCompileExec3164031754 -rdynamic 
gmake[1]: Leaving directory `/var/www/sites/rth.dk/htdocs/devresources/risearch/RIsearch/RIsearch2/libdivsufsort-2.0.1/build/CMakeFiles/CMakeTmp'


Determining if the fseeko exist passed with the following output:
Change Dir: /var/www/sites/rth.dk/htdocs/devresources/risearch/RIsearch/RIsearch2/libdivsufsort-2.0.1/build/CMakeFiles/CMakeTmp

Run Build Command:/usr/bin/gmake "cmTryCompileExec3193722779/fast"
/usr/bin/gmake -f CMakeFiles/cmTryCompileExec3193722779.dir/build.make CMakeFiles/cmTryCompileExec3193722779.dir/build
gmake[1]: Entering directory `/var/www/sites/rth.dk/htdocs/devresources/risearch/RIsearch/RIsearch2/libdivsufsort-2.0.1/build/CMakeFiles/CMakeTmp'
/usr/bin/cmake -E cmake_progress_report /var/www/sites/rth.dk/htdocs/devresources/risearch/RIsearch/RIsearch2/libdivsufsort-2.0.1/build/CMakeFiles/CMakeTmp/CMakeFiles 1
Building C object CMakeFiles/cmTryCompileExec3193722779.dir/CheckSymbolExists.c.o
/usr/bin/cc  -D_FILE_OFFSET_BITS=64 -D_LARGEFILE_SOURCE -D_LARGE_FILES -D__STDC_CONSTANT_MACROS -D__STDC_FORMAT_MACROS -D__STDC_LIMIT_MACROS -Wall -fopenmp    -o CMakeFiles/cmTryCompileExec3193722779.dir/CheckSymbolExists.c.o   -c /var/www/sites/rth.dk/htdocs/devresources/risearch/RIsearch/RIsearch2/libdivsufsort-2.0.1/build/CMakeFiles/CMakeTmp/CheckSymbolExists.c
Linking C executable cmTryCompileExec3193722779
/usr/bin/cmake -E cmake_link_script CMakeFiles/cmTryCompileExec3193722779.dir/link.txt --verbose=1
/usr/bin/cc   -Wall -fopenmp     CMakeFiles/cmTryCompileExec3193722779.dir/CheckSymbolExists.c.o  -o cmTryCompileExec3193722779 -rdynamic 
gmake[1]: Leaving directory `/var/www/sites/rth.dk/htdocs/devresources/risearch/RIsearch/RIsearch2/libdivsufsort-2.0.1/build/CMakeFiles/CMakeTmp'

File /var/www/sites/rth.dk/htdocs/devresources/risearch/RIsearch/RIsearch2/libdivsufsort-2.0.1/build/CMakeFiles/CMakeTmp/CheckSymbolExists.c:
/* */
#include <stdio.h>

int main(int argc, char** argv)
{
  (void)argv;
#ifndef fseeko
  return ((int*)(&fseeko))[argc];
#else
  (void)argc;
  return 0;
#endif
}

Determining if the ftello exist passed with the following output:
Change Dir: /var/www/sites/rth.dk/htdocs/devresources/risearch/RIsearch/RIsearch2/libdivsufsort-2.0.1/build/CMakeFiles/CMakeTmp

Run Build Command:/usr/bin/gmake "cmTryCompileExec3582942198/fast"
/usr/bin/gmake -f CMakeFiles/cmTryCompileExec3582942198.dir/build.make CMakeFiles/cmTryCompileExec3582942198.dir/build
gmake[1]: Entering directory `/var/www/sites/rth.dk/htdocs/devresources/risearch/RIsearch/RIsearch2/libdivsufsort-2.0.1/build/CMakeFiles/CMakeTmp'
/usr/bin/cmake -E cmake_progress_report /var/www/sites/rth.dk/htdocs/devresources/risearch/RIsearch/RIsearch2/libdivsufsort-2.0.1/build/CMakeFiles/CMakeTmp/CMakeFiles 1
Building C object CMakeFiles/cmTryCompileExec3582942198.dir/CheckSymbolExists.c.o
/usr/bin/cc  -D_FILE_OFFSET_BITS=64 -D_LARGEFILE_SOURCE -D_LARGE_FILES -D__STDC_CONSTANT_MACROS -D__STDC_FORMAT_MACROS -D__STDC_LIMIT_MACROS -Wall -fopenmp    -o CMakeFiles/cmTryCompileExec3582942198.dir/CheckSymbolExists.c.o   -c /var/www/sites/rth.dk/htdocs/devresources/risearch/RIsearch/RIsearch2/libdivsufsort-2.0.1/build/CMakeFiles/CMakeTmp/CheckSymbolExists.c
Linking C executable cmTryCompileExec3582942198
/usr/bin/cmake -E cmake_link_script CMakeFiles/cmTryCompileExec3582942198.dir/link.txt --verbose=1
/usr/bin/cc   -Wall -fopenmp     CMakeFiles/cmTryCompileExec3582942198.dir/CheckSymbolExists.c.o  -o cmTryCompileExec3582942198 -rdynamic 
gmake[1]: Leaving directory `/var/www/sites/rth.dk/htdocs/devresources/risearch/RIsearch/RIsearch2/libdivsufsort-2.0.1/build/CMakeFiles/CMakeTmp'

File /var/www/sites/rth.dk/htdocs/devresources/risearch/RIsearch/RIsearch2/libdivsufsort-2.0.1/build/CMakeFiles/CMakeTmp/CheckSymbolExists.c:
/* */
#include <stdio.h>

int main(int argc, char** argv)
{
  (void)argv;
#ifndef ftello
  return ((int*)(&ftello))[argc];
#else
  (void)argc;
  return 0;
#endif
}

Determining if the PRIdMAX exist passed with the following output:
Change Dir: /var/www/sites/rth.dk/htdocs/devresources/risearch/RIsearch/RIsearch2/libdivsufsort-2.0.1/build/CMakeFiles/CMakeTmp

Run Build Command:/usr/bin/gmake "cmTryCompileExec2427636138/fast"
/usr/bin/gmake -f CMakeFiles/cmTryCompileExec2427636138.dir/build.make CMakeFiles/cmTryCompileExec2427636138.dir/build
gmake[1]: Entering directory `/var/www/sites/rth.dk/htdocs/devresources/risearch/RIsearch/RIsearch2/libdivsufsort-2.0.1/build/CMakeFiles/CMakeTmp'
/usr/bin/cmake -E cmake_progress_report /var/www/sites/rth.dk/htdocs/devresources/risearch/RIsearch/RIsearch2/libdivsufsort-2.0.1/build/CMakeFiles/CMakeTmp/CMakeFiles 1
Building C object CMakeFiles/cmTryCompileExec2427636138.dir/CheckSymbolExists.c.o
/usr/bin/cc  -D_FILE_OFFSET_BITS=64 -D_LARGEFILE_SOURCE -D_LARGE_FILES -D__STDC_CONSTANT_MACROS -D__STDC_FORMAT_MACROS -D__STDC_LIMIT_MACROS -Wall -fopenmp    -o CMakeFiles/cmTryCompileExec2427636138.dir/CheckSymbolExists.c.o   -c /var/www/sites/rth.dk/htdocs/devresources/risearch/RIsearch/RIsearch2/libdivsufsort-2.0.1/build/CMakeFiles/CMakeTmp/CheckSymbolExists.c
Linking C executable cmTryCompileExec2427636138
/usr/bin/cmake -E cmake_link_script CMakeFiles/cmTryCompileExec2427636138.dir/link.txt --verbose=1
/usr/bin/cc   -Wall -fopenmp     CMakeFiles/cmTryCompileExec2427636138.dir/CheckSymbolExists.c.o  -o cmTryCompileExec2427636138 -rdynamic 
gmake[1]: Leaving directory `/var/www/sites/rth.dk/htdocs/devresources/risearch/RIsearch/RIsearch2/libdivsufsort-2.0.1/build/CMakeFiles/CMakeTmp'

File /var/www/sites/rth.dk/htdocs/devresources/risearch/RIsearch/RIsearch2/libdivsufsort-2.0.1/build/CMakeFiles/CMakeTmp/CheckSymbolExists.c:
/* */
#include <inttypes.h>

int main(int argc, char** argv)
{
  (void)argv;
#ifndef PRIdMAX
  return ((int*)(&PRIdMAX))[argc];
#else
  (void)argc;
  return 0;
#endif
}

Performing C SOURCE FILE Test HAVE_INLINE succeded with the following output:
Change Dir: /var/www/sites/rth.dk/htdocs/devresources/risearch/RIsearch/RIsearch2/libdivsufsort-2.0.1/build/CMakeFiles/CMakeTmp

Run Build Command:/usr/bin/gmake "cmTryCompileExec897403392/fast"
/usr/bin/gmake -f CMakeFiles/cmTryCompileExec897403392.dir/build.make CMakeFiles/cmTryCompileExec897403392.dir/build
gmake[1]: Entering directory `/var/www/sites/rth.dk/htdocs/devresources/risearch/RIsearch/RIsearch2/libdivsufsort-2.0.1/build/CMakeFiles/CMakeTmp'
/usr/bin/cmake -E cmake_progress_report /var/www/sites/rth.dk/htdocs/devresources/risearch/RIsearch/RIsearch2/libdivsufsort-2.0.1/build/CMakeFiles/CMakeTmp/CMakeFiles 1
Building C object CMakeFiles/cmTryCompileExec897403392.dir/src.c.o
/usr/bin/cc   -Wall -fopenmp -DHAVE_INLINE   -o CMakeFiles/cmTryCompileExec897403392.dir/src.c.o   -c /var/www/sites/rth.dk/htdocs/devresources/risearch/RIsearch/RIsearch2/libdivsufsort-2.0.1/build/CMakeFiles/CMakeTmp/src.c
Linking C executable cmTryCompileExec897403392
/usr/bin/cmake -E cmake_link_script CMakeFiles/cmTryCompileExec897403392.dir/link.txt --verbose=1
/usr/bin/cc   -Wall -fopenmp -DHAVE_INLINE    CMakeFiles/cmTryCompileExec897403392.dir/src.c.o  -o cmTryCompileExec897403392 -rdynamic 
gmake[1]: Leaving directory `/var/www/sites/rth.dk/htdocs/devresources/risearch/RIsearch/RIsearch2/libdivsufsort-2.0.1/build/CMakeFiles/CMakeTmp'

Source file was:
inline void func(); void func() { } int main() { func(); return 0; }
Performing C SOURCE FILE Test HAVE___INLINE succeded with the following output:
Change Dir: /var/www/sites/rth.dk/htdocs/devresources/risearch/RIsearch/RIsearch2/libdivsufsort-2.0.1/build/CMakeFiles/CMakeTmp

Run Build Command:/usr/bin/gmake "cmTryCompileExec3239518277/fast"
/usr/bin/gmake -f CMakeFiles/cmTryCompileExec3239518277.dir/build.make CMakeFiles/cmTryCompileExec3239518277.dir/build
gmake[1]: Entering directory `/var/www/sites/rth.dk/htdocs/devresources/risearch/RIsearch/RIsearch2/libdivsufsort-2.0.1/build/CMakeFiles/CMakeTmp'
/usr/bin/cmake -E cmake_progress_report /var/www/sites/rth.dk/htdocs/devresources/risearch/RIsearch/RIsearch2/libdivsufsort-2.0.1/build/CMakeFiles/CMakeTmp/CMakeFiles 1
Building C object CMakeFiles/cmTryCompileExec3239518277.dir/src.c.o
/usr/bin/cc   -Wall -fopenmp -DHAVE___INLINE   -o CMakeFiles/cmTryCompileExec3239518277.dir/src.c.o   -c /var/www/sites/rth.dk/htdocs/devresources/risearch/RIsearch/RIsearch2/libdivsufsort-2.0.1/build/CMakeFiles/CMakeTmp/src.c
Linking C executable cmTryCompileExec3239518277
/usr/bin/cmake -E cmake_link_script CMakeFiles/cmTryCompileExec3239518277.dir/link.txt --verbose=1
/usr/bin/cc   -Wall -fopenmp -DHAVE___INLINE    CMakeFiles/cmTryCompileExec3239518277.dir/src.c.o  -o cmTryCompileExec3239518277 -rdynamic 
gmake[1]: Leaving directory `/var/www/sites/rth.dk/htdocs/devresources/risearch/RIsearch/RIsearch2/libdivsufsort-2.0.1/build/CMakeFiles/CMakeTmp'

Source file was:
__inline void func(); void func() { } int main() { func(); return 0; }
Performing C SOURCE FILE Test HAVE___INLINE__ succeded with the following output:
Change Dir: /var/www/sites/rth.dk/htdocs/devresources/risearch/RIsearch/RIsearch2/libdivsufsort-2.0.1/build/CMakeFiles/CMakeTmp

Run Build Command:/usr/bin/gmake "cmTryCompileExec3631644362/fast"
/usr/bin/gmake -f CMakeFiles/cmTryCompileExec3631644362.dir/build.make CMakeFiles/cmTryCompileExec3631644362.dir/build
gmake[1]: Entering directory `/var/www/sites/rth.dk/htdocs/devresources/risearch/RIsearch/RIsearch2/libdivsufsort-2.0.1/build/CMakeFiles/CMakeTmp'
/usr/bin/cmake -E cmake_progress_report /var/www/sites/rth.dk/htdocs/devresources/risearch/RIsearch/RIsearch2/libdivsufsort-2.0.1/build/CMakeFiles/CMakeTmp/CMakeFiles 1
Building C object CMakeFiles/cmTryCompileExec3631644362.dir/src.c.o
/usr/bin/cc   -Wall -fopenmp -DHAVE___INLINE__   -o CMakeFiles/cmTryCompileExec3631644362.dir/src.c.o   -c /var/www/sites/rth.dk/htdocs/devresources/risearch/RIsearch/RIsearch2/libdivsufsort-2.0.1/build/CMakeFiles/CMakeTmp/src.c
Linking C executable cmTryCompileExec3631644362
/usr/bin/cmake -E cmake_link_script CMakeFiles/cmTryCompileExec3631644362.dir/link.txt --verbose=1
/usr/bin/cc   -Wall -fopenmp -DHAVE___INLINE__    CMakeFiles/cmTryCompileExec3631644362.dir/src.c.o  -o cmTryCompileExec3631644362 -rdynamic 
gmake[1]: Leaving directory `/var/www/sites/rth.dk/htdocs/devresources/risearch/RIsearch/RIsearch2/libdivsufsort-2.0.1/build/CMakeFiles/CMakeTmp'

Source file was:
__inline__ void func(); void func() { } int main() { func(); return 0; }
Determining size of uint8_t passed with the following output:
Change Dir: /var/www/sites/rth.dk/htdocs/devresources/risearch/RIsearch/RIsearch2/libdivsufsort-2.0.1/build/CMakeFiles/CMakeTmp

Run Build Command:/usr/bin/gmake "cmTryCompileExec3098034517/fast"
/usr/bin/gmake -f CMakeFiles/cmTryCompileExec3098034517.dir/build.make CMakeFiles/cmTryCompileExec3098034517.dir/build
gmake[1]: Entering directory `/var/www/sites/rth.dk/htdocs/devresources/risearch/RIsearch/RIsearch2/libdivsufsort-2.0.1/build/CMakeFiles/CMakeTmp'
/usr/bin/cmake -E cmake_progress_report /var/www/sites/rth.dk/htdocs/devresources/risearch/RIsearch/RIsearch2/libdivsufsort-2.0.1/build/CMakeFiles/CMakeTmp/CMakeFiles 1
Building C object CMakeFiles/cmTryCompileExec3098034517.dir/UINT8_T.c.o
/usr/bin/cc   -Wall -fopenmp    -o CMakeFiles/cmTryCompileExec3098034517.dir/UINT8_T.c.o   -c /var/www/sites/rth.dk/htdocs/devresources/risearch/RIsearch/RIsearch2/libdivsufsort-2.0.1/build/CMakeFiles/CheckTypeSize/UINT8_T.c
Linking C executable cmTryCompileExec3098034517
/usr/bin/cmake -E cmake_link_script CMakeFiles/cmTryCompileExec3098034517.dir/link.txt --verbose=1
/usr/bin/cc   -Wall -fopenmp     CMakeFiles/cmTryCompileExec3098034517.dir/UINT8_T.c.o  -o cmTryCompileExec3098034517 -rdynamic 
gmake[1]: Leaving directory `/var/www/sites/rth.dk/htdocs/devresources/risearch/RIsearch/RIsearch2/libdivsufsort-2.0.1/build/CMakeFiles/CMakeTmp'


Determining size of int32_t passed with the following output:
Change Dir: /var/www/sites/rth.dk/htdocs/devresources/risearch/RIsearch/RIsearch2/libdivsufsort-2.0.1/build/CMakeFiles/CMakeTmp

Run Build Command:/usr/bin/gmake "cmTryCompileExec466391142/fast"
/usr/bin/gmake -f CMakeFiles/cmTryCompileExec466391142.dir/build.make CMakeFiles/cmTryCompileExec466391142.dir/build
gmake[1]: Entering directory `/var/www/sites/rth.dk/htdocs/devresources/risearch/RIsearch/RIsearch2/libdivsufsort-2.0.1/build/CMakeFiles/CMakeTmp'
/usr/bin/cmake -E cmake_progress_report /var/www/sites/rth.dk/htdocs/devresources/risearch/RIsearch/RIsearch2/libdivsufsort-2.0.1/build/CMakeFiles/CMakeTmp/CMakeFiles 1
Building C object CMakeFiles/cmTryCompileExec466391142.dir/INT32_T.c.o
/usr/bin/cc   -Wall -fopenmp    -o CMakeFiles/cmTryCompileExec466391142.dir/INT32_T.c.o   -c /var/www/sites/rth.dk/htdocs/devresources/risearch/RIsearch/RIsearch2/libdivsufsort-2.0.1/build/CMakeFiles/CheckTypeSize/INT32_T.c
Linking C executable cmTryCompileExec466391142
/usr/bin/cmake -E cmake_link_script CMakeFiles/cmTryCompileExec466391142.dir/link.txt --verbose=1
/usr/bin/cc   -Wall -fopenmp     CMakeFiles/cmTryCompileExec466391142.dir/INT32_T.c.o  -o cmTryCompileExec466391142 -rdynamic 
gmake[1]: Leaving directory `/var/www/sites/rth.dk/htdocs/devresources/risearch/RIsearch/RIsearch2/libdivsufsort-2.0.1/build/CMakeFiles/CMakeTmp'


Determining if the PRId32 exist passed with the following output:
Change Dir: /var/www/sites/rth.dk/htdocs/devresources/risearch/RIsearch/RIsearch2/libdivsufsort-2.0.1/build/CMakeFiles/CMakeTmp

Run Build Command:/usr/bin/gmake "cmTryCompileExec2473505512/fast"
/usr/bin/gmake -f CMakeFiles/cmTryCompileExec2473505512.dir/build.make CMakeFiles/cmTryCompileExec2473505512.dir/build
gmake[1]: Entering directory `/var/www/sites/rth.dk/htdocs/devresources/risearch/RIsearch/RIsearch2/libdivsufsort-2.0.1/build/CMakeFiles/CMakeTmp'
/usr/bin/cmake -E cmake_progress_report /var/www/sites/rth.dk/htdocs/devresources/risearch/RIsearch/RIsearch2/libdivsufsort-2.0.1/build/CMakeFiles/CMakeTmp/CMakeFiles 1
Building C object CMakeFiles/cmTryCompileExec2473505512.dir/CheckSymbolExists.c.o
/usr/bin/cc   -Wall -fopenmp    -o CMakeFiles/cmTryCompileExec2473505512.dir/CheckSymbolExists.c.o   -c /var/www/sites/rth.dk/htdocs/devresources/risearch/RIsearch/RIsearch2/libdivsufsort-2.0.1/build/CMakeFiles/CMakeTmp/CheckSymbolExists.c
Linking C executable cmTryCompileExec2473505512
/usr/bin/cmake -E cmake_link_script CMakeFiles/cmTryCompileExec2473505512.dir/link.txt --verbose=1
/usr/bin/cc   -Wall -fopenmp     CMakeFiles/cmTryCompileExec2473505512.dir/CheckSymbolExists.c.o  -o cmTryCompileExec2473505512 -rdynamic 
gmake[1]: Leaving directory `/var/www/sites/rth.dk/htdocs/devresources/risearch/RIsearch/RIsearch2/libdivsufsort-2.0.1/build/CMakeFiles/CMakeTmp'

File /var/www/sites/rth.dk/htdocs/devresources/risearch/RIsearch/RIsearch2/libdivsufsort-2.0.1/build/CMakeFiles/CMakeTmp/CheckSymbolExists.c:
/* */
#include <inttypes.h>

int main(int argc, char** argv)
{
  (void)argv;
#ifndef PRId32
  return ((int*)(&PRId32))[argc];
#else
  (void)argc;
  return 0;
#endif
}

Determining size of int64_t passed with the following output:
Change Dir: /var/www/sites/rth.dk/htdocs/devresources/risearch/RIsearch/RIsearch2/libdivsufsort-2.0.1/build/CMakeFiles/CMakeTmp

Run Build Command:/usr/bin/gmake "cmTryCompileExec392669020/fast"
/usr/bin/gmake -f CMakeFiles/cmTryCompileExec392669020.dir/build.make CMakeFiles/cmTryCompileExec392669020.dir/build
gmake[1]: Entering directory `/var/www/sites/rth.dk/htdocs/devresources/risearch/RIsearch/RIsearch2/libdivsufsort-2.0.1/build/CMakeFiles/CMakeTmp'
/usr/bin/cmake -E cmake_progress_report /var/www/sites/rth.dk/htdocs/devresources/risearch/RIsearch/RIsearch2/libdivsufsort-2.0.1/build/CMakeFiles/CMakeTmp/CMakeFiles 1
Building C object CMakeFiles/cmTryCompileExec392669020.dir/INT64_T.c.o
/usr/bin/cc   -Wall -fopenmp    -o CMakeFiles/cmTryCompileExec392669020.dir/INT64_T.c.o   -c /var/www/sites/rth.dk/htdocs/devresources/risearch/RIsearch/RIsearch2/libdivsufsort-2.0.1/build/CMakeFiles/CheckTypeSize/INT64_T.c
Linking C executable cmTryCompileExec392669020
/usr/bin/cmake -E cmake_link_script CMakeFiles/cmTryCompileExec392669020.dir/link.txt --verbose=1
/usr/bin/cc   -Wall -fopenmp     CMakeFiles/cmTryCompileExec392669020.dir/INT64_T.c.o  -o cmTryCompileExec392669020 -rdynamic 
gmake[1]: Leaving directory `/var/www/sites/rth.dk/htdocs/devresources/risearch/RIsearch/RIsearch2/libdivsufsort-2.0.1/build/CMakeFiles/CMakeTmp'


Determining if the PRId64 exist passed with the following output:
Change Dir: /var/www/sites/rth.dk/htdocs/devresources/risearch/RIsearch/RIsearch2/libdivsufsort-2.0.1/build/CMakeFiles/CMakeTmp

Run Build Command:/usr/bin/gmake "cmTryCompileExec1709108912/fast"
/usr/bin/gmake -f CMakeFiles/cmTryCompileExec1709108912.dir/build.make CMakeFiles/cmTryCompileExec1709108912.dir/build
gmake[1]: Entering directory `/var/www/sites/rth.dk/htdocs/devresources/risearch/RIsearch/RIsearch2/libdivsufsort-2.0.1/build/CMakeFiles/CMakeTmp'
/usr/bin/cmake -E cmake_progress_report /var/www/sites/rth.dk/htdocs/devresources/risearch/RIsearch/RIsearch2/libdivsufsort-2.0.1/build/CMakeFiles/CMakeTmp/CMakeFiles 1
Building C object CMakeFiles/cmTryCompileExec1709108912.dir/CheckSymbolExists.c.o
/usr/bin/cc   -Wall -fopenmp    -o CMakeFiles/cmTryCompileExec1709108912.dir/CheckSymbolExists.c.o   -c /var/www/sites/rth.dk/htdocs/devresources/risearch/RIsearch/RIsearch2/libdivsufsort-2.0.1/build/CMakeFiles/CMakeTmp/CheckSymbolExists.c
Linking C executable cmTryCompileExec1709108912
/usr/bin/cmake -E cmake_link_script CMakeFiles/cmTryCompileExec1709108912.dir/link.txt --verbose=1
/usr/bin/cc   -Wall -fopenmp     CMakeFiles/cmTryCompileExec1709108912.dir/CheckSymbolExists.c.o  -o cmTryCompileExec1709108912 -rdynamic 
gmake[1]: Leaving directory `/var/www/sites/rth.dk/htdocs/devresources/risearch/RIsearch/RIsearch2/libdivsufsort-2.0.1/build/CMakeFiles/CMakeTmp'

File /var/www/sites/rth.dk/htdocs/devresources/risearch/RIsearch/RIsearch2/libdivsufsort-2.0.1/build/CMakeFiles/CMakeTmp/CheckSymbolExists.c:
/* */
#include <inttypes.h>

int main(int argc, char** argv)
{
  (void)argv;
#ifndef PRId64
  return ((int*)(&PRId64))[argc];
#else
  (void)argc;
  return 0;
#endif
}

